<?xml version="1.0" encoding="UTF-8"?>
<!-- Generated by org.testng.reporters.JUnitReportReporter -->
<testsuite hostname="HugoSerratos" failures="0" tests="1" name="com.ejercicios.Ejercicio1" time="6.885" errors="0" timestamp="02 mar. 2022 03:53:04 GMT" skipped="0">
  <testcase classname="com.ejercicios.Ejercicio1" name="compararNum" time="6.885"/>
</testsuite> <!-- com.ejercicios.Ejercicio1 -->
