<?xml version="1.0" encoding="UTF-8"?>
<!-- Generated by org.testng.reporters.JUnitReportReporter -->
<testsuite hostname="HugoSerratos" failures="0" tests="1" name="com.ejercicios.DifNum" time="7.888" errors="0" timestamp="03 mar. 2022 19:29:10 GMT" skipped="0">
  <testcase classname="com.ejercicios.DifNum" name="diferenciarNum" time="7.888"/>
</testsuite> <!-- com.ejercicios.DifNum -->
